<?xml version="1.0" encoding="UTF-8"?>
<!-- Generated by org.testng.reporters.JUnitXMLReporter -->
<testsuite hostname="Ajith-PC" ignored="0" name="Test" tests="2" failures="1" timestamp="09 Feb 2019 05:42:23 GMT" time="25.255" errors="0">
  <testcase name="testValidLogin" time="2.089" classname="scripts.TestValidLogin">
    <failure type="java.lang.AssertionError" message="expected [actiTIME - Enter Time-Track] but found [actiTIME - Login]">
      <![CDATA[java.lang.AssertionError: expected [actiTIME - Enter Time-Track] but found [actiTIME - Login]
at scripts.TestValidLogin.testValidLogin(TestValidLogin.java:25)
... Removed 31 stack frames]]>
    </failure>
  </testcase> <!-- testValidLogin -->
  <testcase name="testInvalidLogin" time="5.963" classname="scripts.TestInvalidLogin"/>
</testsuite> <!-- Test -->
